Release 14.7 Map P.20131013 (nt64)
Xilinx Mapping Report File for Design 'RISCy_CPU'

Design Information
------------------
Command Line   : map -intstyle ise -p xc3s400-pq208-4 -cm area -ir off -pr off
-u -c 100 -o RISCy_CPU_map.ncd RISCy_CPU.ngd RISCy_CPU.pcf 
Target Device  : xc3s400
Target Package : pq208
Target Speed   : -4
Mapper Version : spartan3 -- $Revision: 1.55 $
Mapped Date    : Wed Nov 09 16:35:44 2022

Design Summary
--------------
Number of errors:      0
Number of warnings:    2
Logic Utilization:
  Number of Slice Flip Flops:         1,148 out of   7,168   16%
  Number of 4 input LUTs:             3,627 out of   7,168   50%
Logic Distribution:
  Number of occupied Slices:          1,845 out of   3,584   51%
    Number of Slices containing only related logic:   1,845 out of   1,845 100%
    Number of Slices containing unrelated logic:          0 out of   1,845   0%
      *See NOTES below for an explanation of the effects of unrelated logic.
  Total Number of 4 input LUTs:       3,652 out of   7,168   50%
    Number used as logic:             3,627
    Number used as a route-thru:         25

  The Slice Logic Distribution report is not meaningful if the design is
  over-mapped for a non-slice resource or if Placement fails.

  Number of bonded IOBs:                 34 out of     141   24%
  Number of RAMB16s:                      4 out of      16   25%
  Number of BUFGMUXs:                     2 out of       8   25%

Average Fanout of Non-Clock Nets:                4.36

Peak Memory Usage:  4417 MB
Total REAL time to MAP completion:  3 secs 
Total CPU time to MAP completion:   3 secs 

NOTES:

   Related logic is defined as being logic that shares connectivity - e.g. two
   LUTs are "related" if they share common inputs.  When assembling slices,
   Map gives priority to combine logic that is related.  Doing so results in
   the best timing performance.

   Unrelated logic shares no connectivity.  Map will only begin packing
   unrelated logic into a slice once 99% of the slices are occupied through
   related logic packing.

   Note that once logic distribution reaches the 99% level through related
   logic packing, this does not mean the device is completely utilized.
   Unrelated logic packing will then begin, continuing until all usable LUTs
   and FFs are occupied.  Depending on your timing budget, increased levels of
   unrelated logic packing may adversely affect the overall timing performance
   of your design.

Table of Contents
-----------------
Section 1 - Errors
Section 2 - Warnings
Section 3 - Informational
Section 4 - Removed Logic Summary
Section 5 - Removed Logic
Section 6 - IOB Properties
Section 7 - RPMs
Section 8 - Guide Report
Section 9 - Area Group and Partition Summary
Section 10 - Timing Report
Section 11 - Configuration String Information
Section 12 - Control Set Information
Section 13 - Utilization by Hierarchy

Section 1 - Errors
------------------

Section 2 - Warnings
--------------------
WARNING:PhysDesignRules:812 - Dangling pin <DOA7> on
   block:<data_mem/data_memory/U0/xst_blk_mem_generator/gnativebmg.native_blk_me
   m_gen/valid.cstr/ramloop[1].ram.r/s3_init.ram/dpram.dp18x18.ram.A>:<RAMB16_RA
   MB16A>.
WARNING:PhysDesignRules:812 - Dangling pin <DOA15> on
   block:<data_mem/data_memory/U0/xst_blk_mem_generator/gnativebmg.native_blk_me
   m_gen/valid.cstr/ramloop[1].ram.r/s3_init.ram/dpram.dp18x18.ram.A>:<RAMB16_RA
   MB16A>.

Section 3 - Informational
-------------------------
INFO:MapLib:562 - No environment variables are currently set.
INFO:LIT:244 - All of the single ended outputs in this design are using slew
   rate limited output drivers. The delay on speed critical single ended outputs
   can be dramatically reduced by designating them as fast outputs.

Section 4 - Removed Logic Summary
---------------------------------
   5 block(s) optimized away

Section 5 - Removed Logic
-------------------------

Optimized Block(s):
TYPE 		BLOCK
GND 		XST_GND
VCC 		XST_VCC
GND 		data_mem/data_memory/XST_GND
VCC 		data_mem/data_memory/XST_VCC
GND 		instr_mem/instruction_memory/XST_GND

To enable printing of redundant blocks removed and signals merged, set the
detailed map report option and rerun map.

Section 6 - IOB Properties
--------------------------

+---------------------------------------------------------------------------------------------------------------------------------------------------------+
| IOB Name                           | Type             | Direction | IO Standard          | Diff  | Drive    | Slew | Reg (s)      | Resistor | IOB      |
|                                    |                  |           |                      | Term  | Strength | Rate |              |          | Delay    |
+---------------------------------------------------------------------------------------------------------------------------------------------------------+
| clk                                | IOB              | INPUT     | LVCMOS25             |       |          |      |              |          |          |
| display_reg<0>                     | IOB              | OUTPUT    | LVCMOS25             |       | 12       | SLOW |              |          |          |
| display_reg<1>                     | IOB              | OUTPUT    | LVCMOS25             |       | 12       | SLOW |              |          |          |
| display_reg<2>                     | IOB              | OUTPUT    | LVCMOS25             |       | 12       | SLOW |              |          |          |
| display_reg<3>                     | IOB              | OUTPUT    | LVCMOS25             |       | 12       | SLOW |              |          |          |
| display_reg<4>                     | IOB              | OUTPUT    | LVCMOS25             |       | 12       | SLOW |              |          |          |
| display_reg<5>                     | IOB              | OUTPUT    | LVCMOS25             |       | 12       | SLOW |              |          |          |
| display_reg<6>                     | IOB              | OUTPUT    | LVCMOS25             |       | 12       | SLOW |              |          |          |
| display_reg<7>                     | IOB              | OUTPUT    | LVCMOS25             |       | 12       | SLOW |              |          |          |
| display_reg<8>                     | IOB              | OUTPUT    | LVCMOS25             |       | 12       | SLOW |              |          |          |
| display_reg<9>                     | IOB              | OUTPUT    | LVCMOS25             |       | 12       | SLOW |              |          |          |
| display_reg<10>                    | IOB              | OUTPUT    | LVCMOS25             |       | 12       | SLOW |              |          |          |
| display_reg<11>                    | IOB              | OUTPUT    | LVCMOS25             |       | 12       | SLOW |              |          |          |
| display_reg<12>                    | IOB              | OUTPUT    | LVCMOS25             |       | 12       | SLOW |              |          |          |
| display_reg<13>                    | IOB              | OUTPUT    | LVCMOS25             |       | 12       | SLOW |              |          |          |
| display_reg<14>                    | IOB              | OUTPUT    | LVCMOS25             |       | 12       | SLOW |              |          |          |
| display_reg<15>                    | IOB              | OUTPUT    | LVCMOS25             |       | 12       | SLOW |              |          |          |
| display_reg<16>                    | IOB              | OUTPUT    | LVCMOS25             |       | 12       | SLOW |              |          |          |
| display_reg<17>                    | IOB              | OUTPUT    | LVCMOS25             |       | 12       | SLOW |              |          |          |
| display_reg<18>                    | IOB              | OUTPUT    | LVCMOS25             |       | 12       | SLOW |              |          |          |
| display_reg<19>                    | IOB              | OUTPUT    | LVCMOS25             |       | 12       | SLOW |              |          |          |
| display_reg<20>                    | IOB              | OUTPUT    | LVCMOS25             |       | 12       | SLOW |              |          |          |
| display_reg<21>                    | IOB              | OUTPUT    | LVCMOS25             |       | 12       | SLOW |              |          |          |
| display_reg<22>                    | IOB              | OUTPUT    | LVCMOS25             |       | 12       | SLOW |              |          |          |
| display_reg<23>                    | IOB              | OUTPUT    | LVCMOS25             |       | 12       | SLOW |              |          |          |
| display_reg<24>                    | IOB              | OUTPUT    | LVCMOS25             |       | 12       | SLOW |              |          |          |
| display_reg<25>                    | IOB              | OUTPUT    | LVCMOS25             |       | 12       | SLOW |              |          |          |
| display_reg<26>                    | IOB              | OUTPUT    | LVCMOS25             |       | 12       | SLOW |              |          |          |
| display_reg<27>                    | IOB              | OUTPUT    | LVCMOS25             |       | 12       | SLOW |              |          |          |
| display_reg<28>                    | IOB              | OUTPUT    | LVCMOS25             |       | 12       | SLOW |              |          |          |
| display_reg<29>                    | IOB              | OUTPUT    | LVCMOS25             |       | 12       | SLOW |              |          |          |
| display_reg<30>                    | IOB              | OUTPUT    | LVCMOS25             |       | 12       | SLOW |              |          |          |
| display_reg<31>                    | IOB              | OUTPUT    | LVCMOS25             |       | 12       | SLOW |              |          |          |
| rst                                | IOB              | INPUT     | LVCMOS25             |       |          |      |              |          |          |
+---------------------------------------------------------------------------------------------------------------------------------------------------------+

Section 7 - RPMs
----------------

Section 8 - Guide Report
------------------------
Guide not run on this design.

Section 9 - Area Group and Partition Summary
--------------------------------------------

Partition Implementation Status
-------------------------------

  No Partitions were found in this design.

-------------------------------

Area Group Information
----------------------

  No area groups were found in this design.

----------------------

Section 10 - Timing Report
--------------------------
This design was not run using timing mode.

Section 11 - Configuration String Details
-----------------------------------------
Use the "-detail" map option to print out Configuration Strings

Section 12 - Control Set Information
------------------------------------
No control set information for this architecture.

Section 13 - Utilization by Hierarchy
-------------------------------------
Use the "-detail" map option to print out the Utilization by Hierarchy section.
